#
# A fatal error has been detected by the Java Runtime Environment:
#
#  Internal Error (safepoint.cpp:311), pid=18929, tid=4415332352
#  guarantee(PageArmed == 0) failed: invariant
#
# JRE version: 7.0
# Java VM: OpenJDK 64-Bit Server VM (21.0-b17 mixed mode bsd-amd64 compressed oops)
# Failed to write core dump. Core dumps have been disabled. To enable core dumping, try "ulimit -c unlimited" before starting Java again
#
# If you would like to submit a bug report, please visit:
#   http://bugreport.sun.com/bugreport/crash.jsp
#

---------------  T H R E A D  ---------------

Current thread (102818800):  VMThread [stack: 1071ca000,1072ca000] [id=120365056]

Stack: [1071ca000,1072ca000],  sp=1072c9c00,  free space=1023k
Native frames: (J=compiled Java code, j=interpreted, Vv=VM code, C=native code)
V  [libjvm.dylib+0x4731d9]  VMError::report_and_die()+0x5cb
V  [libjvm.dylib+0x1a1d7f]  report_vm_error(char const*, int, char const*, char const*)+0x48
V  [libjvm.dylib+0x3da63c]  SafepointSynchronize::begin()+0x2a8
V  [libjvm.dylib+0x478200]  VMThread::loop()+0x2e4
V  [libjvm.dylib+0x477bf1]  VMThread::run()+0x79
V  [libjvm.dylib+0x38d319]  _ZL10java_startP6Thread+0xad
C  [libsystem_c.dylib+0x4e8bf]  _pthread_start+0x14f
C  [libsystem_c.dylib+0x51b75]  thread_start+0xd

VM_Operation (1079007b8): Exit, mode: safepoint, requested by thread 101055800


---------------  P R O C E S S  ---------------

Java Threads: ( => current thread )
  101055800 JavaThread "SIGTERM handler" daemon [_thread_blocked, id=126881792, stack(107801000,107901000)]
  1028b3800 JavaThread "ReaderThread" [_thread_blocked, id=137367552, stack(108201000,108301000)]
  101030800 JavaThread "Service Thread" daemon [_thread_blocked, id=133210112, stack(107e0a000,107f0a000)]
  103010000 JavaThread "C2 CompilerThread1" daemon [_thread_blocked, id=132149248, stack(107d07000,107e07000)]
  102847800 JavaThread "C2 CompilerThread0" daemon [_thread_blocked, id=131088384, stack(107c04000,107d04000)]
  102840800 JavaThread "Signal Dispatcher" daemon [_thread_in_vm, id=130027520, stack(107b01000,107c01000)]
  100834800 JavaThread "Finalizer" daemon [_thread_blocked, id=122486784, stack(1073d0000,1074d0000)]
  10281b800 JavaThread "Reference Handler" daemon [_thread_blocked, id=121425920, stack(1072cd000,1073cd000)]
  102805000 JavaThread "main" [_thread_in_Java, id=5246976, stack(100401000,100501000)]

Other Threads:
=>102818800 VMThread [stack: 1071ca000,1072ca000] [id=120365056]

VM state:synchronizing (normal execution)

VM Mutex/Monitor currently owned by a thread:  ([mutex/lock_event])
[100202a50] Safepoint_lock - owner thread: 102818800
[100202ad0] Threads_lock - owner thread: 102818800

Heap
 PSYoungGen      total 24064K, used 24064K [7e52b0000, 7e81b0000, 800000000)
  eden space 20672K, 100% used [33909571584,33930739712,33930739712)
  from space 3392K, 100% used [33930739712,33934213120,33934213120)
  to   space 3392K, 0% used [33955381248,33955381248,33958854656)
 PSOldGen        total 54976K, used 13806K [33009172480, 33065467904, 33909571584)
  object space 54976K, 25% used [33009172480,33023310472,33065467904)
 PSPermGen       total 21248K, used 5727K [32923189248, 32944947200, 33009172480)
  object space 21248K, 26% used [32923189248,32929053952,32944947200)

Code Cache  [4353687552, 4356243456, 4404019200)
 total_blobs=264 nmethods=33 adapters=184 free_code_cache=48684Kb largest_free_block=49842240

Dynamic libraries:
08fb3000 	/System/Library/Frameworks/Cocoa.framework/Versions/A/Cocoa
08fb3000 	/System/Library/Frameworks/Security.framework/Versions/A/Security
08fb3000 	/System/Library/Frameworks/ApplicationServices.framework/Versions/A/ApplicationServices
08fb3000 	/usr/lib/libz.1.dylib
08fb3000 	/usr/lib/libSystem.B.dylib
08fb3000 	/usr/lib/libobjc.A.dylib
08fb3000 	/System/Library/Frameworks/CoreFoundation.framework/Versions/A/CoreFoundation
08fb3000 	/System/Library/Frameworks/AppKit.framework/Versions/C/AppKit
08fb3000 	/System/Library/Frameworks/CoreData.framework/Versions/A/CoreData
08fb3000 	/System/Library/Frameworks/Foundation.framework/Versions/C/Foundation
08fb3000 	/System/Library/PrivateFrameworks/RemoteViewServices.framework/Versions/A/RemoteViewServices
08fb3000 	/System/Library/Frameworks/AudioToolbox.framework/Versions/A/AudioToolbox
08fb3000 	/System/Library/Frameworks/AudioUnit.framework/Versions/A/AudioUnit
08fb3000 	/System/Library/PrivateFrameworks/DataDetectorsCore.framework/Versions/A/DataDetectorsCore
08fb3000 	/System/Library/PrivateFrameworks/DesktopServicesPriv.framework/Versions/A/DesktopServicesPriv
08fb3000 	/System/Library/Frameworks/Carbon.framework/Versions/A/Frameworks/HIToolbox.framework/Versions/A/HIToolbox
08fb3000 	/System/Library/Frameworks/QuartzCore.framework/Versions/A/QuartzCore
08fb3000 	/System/Library/Frameworks/Carbon.framework/Versions/A/Frameworks/SpeechRecognition.framework/Versions/A/SpeechRecognition
08fb3000 	/usr/lib/libauto.dylib
08fb3000 	/usr/lib/libicucore.A.dylib
08fb3000 	/usr/lib/libxml2.2.dylib
08fb3000 	/System/Library/PrivateFrameworks/CoreUI.framework/Versions/A/CoreUI
08fb3000 	/System/Library/Frameworks/CoreAudio.framework/Versions/A/CoreAudio
08fb3000 	/System/Library/Frameworks/DiskArbitration.framework/Versions/A/DiskArbitration
08fb3000 	/usr/lib/liblangid.dylib
08fb3000 	/System/Library/PrivateFrameworks/MultitouchSupport.framework/Versions/A/MultitouchSupport
08fb3000 	/System/Library/Frameworks/IOKit.framework/Versions/A/IOKit
08fb3000 	/usr/lib/libDiagnosticMessagesClient.dylib
08fb3000 	/System/Library/Frameworks/CoreServices.framework/Versions/A/CoreServices
08fb3000 	/System/Library/PrivateFrameworks/PerformanceAnalysis.framework/Versions/A/PerformanceAnalysis
08fb3000 	/System/Library/PrivateFrameworks/GenerationalStorage.framework/Versions/A/GenerationalStorage
08fb3000 	/System/Library/Frameworks/CoreServices.framework/Versions/A/Frameworks/CFNetwork.framework/Versions/A/CFNetwork
08fb3000 	/System/Library/Frameworks/SystemConfiguration.framework/Versions/A/SystemConfiguration
08fb3000 	/usr/lib/libCRFSuite.dylib
08fb3000 	/usr/lib/libc++.1.dylib
08fb3000 	/usr/lib/libstdc++.6.dylib
08fb3000 	/usr/lib/libc++abi.dylib
08fb3000 	/usr/lib/system/libcache.dylib
08fb3000 	/usr/lib/system/libcommonCrypto.dylib
08fb3000 	/usr/lib/system/libcompiler_rt.dylib
08fb3000 	/usr/lib/system/libcopyfile.dylib
08fb3000 	/usr/lib/system/libdispatch.dylib
08fb3000 	/usr/lib/system/libdnsinfo.dylib
08fb3000 	/usr/lib/system/libdyld.dylib
08fb3000 	/usr/lib/system/libkeymgr.dylib
08fb3000 	/usr/lib/system/liblaunch.dylib
08fb3000 	/usr/lib/system/libmacho.dylib
08fb3000 	/usr/lib/system/libmathCommon.A.dylib
08fb3000 	/usr/lib/system/libquarantine.dylib
08fb3000 	/usr/lib/system/libremovefile.dylib
08fb3000 	/usr/lib/system/libsystem_blocks.dylib
08fb3000 	/usr/lib/system/libsystem_c.dylib
08fb3000 	/usr/lib/system/libsystem_dnssd.dylib
08fb3000 	/usr/lib/system/libsystem_info.dylib
08fb3000 	/usr/lib/system/libsystem_kernel.dylib
08fb3000 	/usr/lib/system/libsystem_network.dylib
08fb3000 	/usr/lib/system/libsystem_notify.dylib
08fb3000 	/usr/lib/system/libsystem_sandbox.dylib
08fb3000 	/usr/lib/system/libunc.dylib
08fb3000 	/usr/lib/system/libunwind.dylib
08fb3000 	/usr/lib/system/libxpc.dylib
08fb3000 	/usr/lib/libbsm.0.dylib
08fb3000 	/usr/lib/libsqlite3.dylib
08fb3000 	/usr/lib/libpam.2.dylib
08fb3000 	/usr/lib/libxar-nossl.dylib
08fb3000 	/usr/lib/libbz2.1.0.dylib
08fb3000 	/System/Library/Frameworks/CoreServices.framework/Versions/A/Frameworks/CarbonCore.framework/Versions/A/CarbonCore
08fb3000 	/System/Library/Frameworks/CoreServices.framework/Versions/A/Frameworks/Metadata.framework/Versions/A/Metadata
08fb3000 	/System/Library/Frameworks/CoreServices.framework/Versions/A/Frameworks/OSServices.framework/Versions/A/OSServices
08fb3000 	/System/Library/Frameworks/CoreServices.framework/Versions/A/Frameworks/SearchKit.framework/Versions/A/SearchKit
08fb3000 	/System/Library/Frameworks/CoreServices.framework/Versions/A/Frameworks/AE.framework/Versions/A/AE
08fb3000 	/System/Library/Frameworks/CoreServices.framework/Versions/A/Frameworks/LaunchServices.framework/Versions/A/LaunchServices
08fb3000 	/System/Library/Frameworks/CoreServices.framework/Versions/A/Frameworks/DictionaryServices.framework/Versions/A/DictionaryServices
08fb3000 	/System/Library/Frameworks/NetFS.framework/Versions/A/NetFS
08fb3000 	/usr/lib/system/libkxld.dylib
08fb3000 	/System/Library/PrivateFrameworks/NetAuth.framework/Versions/A/NetAuth
08fb3000 	/usr/lib/libcrypto.0.9.8.dylib
08fb3000 	/System/Library/PrivateFrameworks/TrustEvaluationAgent.framework/Versions/A/TrustEvaluationAgent
08fb3000 	/System/Library/Frameworks/OpenDirectory.framework/Versions/A/Frameworks/CFOpenDirectory.framework/Versions/A/CFOpenDirectory
08fb3000 	/usr/lib/libxslt.1.dylib
08fb3000 	/System/Library/PrivateFrameworks/FamilyControls.framework/Versions/A/FamilyControls
08fb3000 	/System/Library/Frameworks/Carbon.framework/Versions/A/Frameworks/Ink.framework/Versions/A/Ink
08fb3000 	/System/Library/Frameworks/ApplicationServices.framework/Versions/A/Frameworks/CoreGraphics.framework/Versions/A/CoreGraphics
08fb3000 	/System/Library/Frameworks/ApplicationServices.framework/Versions/A/Frameworks/ImageIO.framework/Versions/A/ImageIO
08fb3000 	/System/Library/Frameworks/ApplicationServices.framework/Versions/A/Frameworks/CoreText.framework/Versions/A/CoreText
08fb3000 	/System/Library/Frameworks/ApplicationServices.framework/Versions/A/Frameworks/ATS.framework/Versions/A/ATS
08fb3000 	/System/Library/Frameworks/ApplicationServices.framework/Versions/A/Frameworks/ColorSync.framework/Versions/A/ColorSync
08fb3000 	/System/Library/Frameworks/ApplicationServices.framework/Versions/A/Frameworks/HIServices.framework/Versions/A/HIServices
08fb3000 	/System/Library/Frameworks/ApplicationServices.framework/Versions/A/Frameworks/LangAnalysis.framework/Versions/A/LangAnalysis
08fb3000 	/System/Library/Frameworks/ApplicationServices.framework/Versions/A/Frameworks/PrintCore.framework/Versions/A/PrintCore
08fb3000 	/System/Library/Frameworks/ApplicationServices.framework/Versions/A/Frameworks/QD.framework/Versions/A/QD
08fb3000 	/System/Library/Frameworks/ApplicationServices.framework/Versions/A/Frameworks/SpeechSynthesis.framework/Versions/A/SpeechSynthesis
08fb3000 	/System/Library/Frameworks/IOSurface.framework/Versions/A/IOSurface
08fb3000 	/System/Library/Frameworks/Accelerate.framework/Versions/A/Accelerate
08fb3000 	/System/Library/Frameworks/ApplicationServices.framework/Versions/A/Frameworks/ImageIO.framework/Versions/A/Resources/libJPEG.dylib
08fb3000 	/System/Library/Frameworks/ApplicationServices.framework/Versions/A/Frameworks/ImageIO.framework/Versions/A/Resources/libTIFF.dylib
08fb3000 	/System/Library/Frameworks/ApplicationServices.framework/Versions/A/Frameworks/ImageIO.framework/Versions/A/Resources/libPng.dylib
08fb3000 	/System/Library/Frameworks/ApplicationServices.framework/Versions/A/Frameworks/ImageIO.framework/Versions/A/Resources/libGIF.dylib
08fb3000 	/System/Library/Frameworks/ApplicationServices.framework/Versions/A/Frameworks/ImageIO.framework/Versions/A/Resources/libJP2.dylib
08fb3000 	/System/Library/Frameworks/ApplicationServices.framework/Versions/A/Frameworks/ImageIO.framework/Versions/A/Resources/libRadiance.dylib
08fb3000 	/System/Library/Frameworks/Accelerate.framework/Versions/A/Frameworks/vImage.framework/Versions/A/vImage
08fb3000 	/System/Library/Frameworks/Accelerate.framework/Versions/A/Frameworks/vecLib.framework/Versions/A/vecLib
08fb3000 	/System/Library/Frameworks/Accelerate.framework/Versions/A/Frameworks/vecLib.framework/Versions/A/libvDSP.dylib
08fb3000 	/System/Library/Frameworks/Accelerate.framework/Versions/A/Frameworks/vecLib.framework/Versions/A/libvMisc.dylib
08fb3000 	/System/Library/Frameworks/Accelerate.framework/Versions/A/Frameworks/vecLib.framework/Versions/A/libLAPACK.dylib
08fb3000 	/System/Library/Frameworks/Accelerate.framework/Versions/A/Frameworks/vecLib.framework/Versions/A/libBLAS.dylib
08fb3000 	/System/Library/Frameworks/ApplicationServices.framework/Versions/A/Frameworks/ATS.framework/Versions/A/Resources/libFontParser.dylib
08fb3000 	/System/Library/Frameworks/ApplicationServices.framework/Versions/A/Frameworks/ATS.framework/Versions/A/Resources/libFontRegistry.dylib
08fb3000 	/usr/lib/libcups.2.dylib
08fb3000 	/System/Library/Frameworks/Kerberos.framework/Versions/A/Kerberos
08fb3000 	/System/Library/Frameworks/GSS.framework/Versions/A/GSS
08fb3000 	/usr/lib/libresolv.9.dylib
08fb3000 	/usr/lib/libiconv.2.dylib
08fb3000 	/System/Library/PrivateFrameworks/Heimdal.framework/Versions/A/Heimdal
08fb3000 	/System/Library/Frameworks/OpenDirectory.framework/Versions/A/OpenDirectory
08fb3000 	/System/Library/PrivateFrameworks/CommonAuth.framework/Versions/A/CommonAuth
08fb3000 	/System/Library/Frameworks/OpenGL.framework/Versions/A/OpenGL
08fb3000 	/System/Library/Frameworks/CoreVideo.framework/Versions/A/CoreVideo
08fb3000 	/System/Library/Frameworks/QuartzCore.framework/Versions/A/Frameworks/CoreImage.framework/Versions/A/CoreImage
08fb3000 	/System/Library/Frameworks/QuartzCore.framework/Versions/A/Frameworks/ScalableUserInterface.framework/Versions/A/ScalableUserInterface
08fb3000 	/System/Library/Frameworks/OpenGL.framework/Versions/A/Libraries/libGLU.dylib
08fb3000 	/System/Library/Frameworks/OpenGL.framework/Versions/A/Libraries/libGFXShared.dylib
08fb3000 	/System/Library/Frameworks/OpenGL.framework/Versions/A/Libraries/libGL.dylib
08fb3000 	/System/Library/Frameworks/OpenGL.framework/Versions/A/Libraries/libGLImage.dylib
08fb3000 	/System/Library/Frameworks/OpenGL.framework/Versions/A/Libraries/libCVMSPluginSupport.dylib
08fb3000 	/System/Library/Frameworks/OpenGL.framework/Versions/A/Libraries/libCoreVMClient.dylib
08fb3000 	/System/Library/Frameworks/OpenCL.framework/Versions/A/OpenCL
08fb3000 	/System/Library/PrivateFrameworks/FaceCoreLight.framework/Versions/A/FaceCoreLight
08fb3000 	/System/Library/Frameworks/vecLib.framework/Versions/A/vecLib
08fb3000 	/System/Library/Frameworks/SecurityFoundation.framework/Versions/A/SecurityFoundation
08fb3000 	/System/Library/PrivateFrameworks/CommerceKit.framework/Versions/A/Frameworks/CommerceCore.framework/Versions/A/CommerceCore
08fb3000 	/System/Library/PrivateFrameworks/CoreSymbolication.framework/Versions/A/CoreSymbolication
08fb3000 	/System/Library/PrivateFrameworks/Symbolication.framework/Versions/A/Symbolication
08fb3000 	/System/Library/PrivateFrameworks/DebugSymbols.framework/Versions/A/DebugSymbols
101800000 	/Library/Java/JavaVirtualMachines/1.7.0.jre/Contents/Home/lib/server/libjvm.dylib
1000c3000 	/Library/Java/JavaVirtualMachines/1.7.0.jre/Contents/Home/lib/libverify.dylib
1000d0000 	/Library/Java/JavaVirtualMachines/1.7.0.jre/Contents/Home/lib/libjava.dylib
10050b000 	/Library/Java/JavaVirtualMachines/1.7.0.jre/Contents/Home/lib/libzip.dylib
1007ae000 	/System/Library/Frameworks/JavaVM.framework/Frameworks/JavaRuntimeSupport.framework/JavaRuntimeSupport
1007c5000 	/System/Library/Frameworks/JavaVM.framework/Versions/A/Frameworks/JavaNativeFoundation.framework/Versions/A/JavaNativeFoundation
1007da000 	/System/Library/Frameworks/JavaVM.framework/Versions/A/JavaVM
08fb3000 	/System/Library/Frameworks/Carbon.framework/Versions/A/Carbon
1007e7000 	/System/Library/PrivateFrameworks/JavaLaunching.framework/Versions/A/JavaLaunching
08fb3000 	/System/Library/Frameworks/Carbon.framework/Versions/A/Frameworks/CommonPanels.framework/Versions/A/CommonPanels
08fb3000 	/System/Library/Frameworks/Carbon.framework/Versions/A/Frameworks/Help.framework/Versions/A/Help
08fb3000 	/System/Library/Frameworks/Carbon.framework/Versions/A/Frameworks/ImageCapture.framework/Versions/A/ImageCapture
08fb3000 	/System/Library/Frameworks/Carbon.framework/Versions/A/Frameworks/OpenScripting.framework/Versions/A/OpenScripting
08fb3000 	/System/Library/Frameworks/Carbon.framework/Versions/A/Frameworks/Print.framework/Versions/A/Print
08fb3000 	/System/Library/Frameworks/Carbon.framework/Versions/A/Frameworks/SecurityHI.framework/Versions/A/SecurityHI
1074eb000 	/Library/Java/JavaVirtualMachines/1.7.0.jre/Contents/Home/lib/libnet.dylib

VM Arguments:
jvm_args: -Dfile.encoding=MacRoman 
java_command: org.eclipse.jdt.internal.junit.runner.RemoteTestRunner -version 3 -port 58328 -testLoaderClass org.eclipse.jdt.internal.junit4.runner.JUnit4TestLoader -loaderpluginname org.eclipse.jdt.junit4.runtime -test forkJoin.ForkJoinTest:testNaive
Launcher Type: SUN_STANDARD

Environment Variables:
PATH=/usr/bin:/bin:/usr/sbin:/sbin
SHELL=/bin/bash
DISPLAY=/tmp/launch-RIHJxW/org.x:0

Signal Handlers:
SIGSEGV: [libjvm.dylib+0x4736ff], sa_mask[0]=0xfffefeff, sa_flags=0x00000042
SIGBUS: [libjvm.dylib+0x4736ff], sa_mask[0]=0xfffefeff, sa_flags=0x00000042
SIGFPE: [libjvm.dylib+0x38af73], sa_mask[0]=0xfffefeff, sa_flags=0x00000042
SIGPIPE: [libjvm.dylib+0x38af73], sa_mask[0]=0xfffefeff, sa_flags=0x00000042
SIGXFSZ: [libjvm.dylib+0x38af73], sa_mask[0]=0xfffefeff, sa_flags=0x00000042
SIGILL: [libjvm.dylib+0x38af73], sa_mask[0]=0xfffefeff, sa_flags=0x00000042
SIGUSR1: SIG_DFL, sa_mask[0]=0x00000000, sa_flags=0x00000002
SIGUSR2: [libjvm.dylib+0x38ab00], sa_mask[0]=0x00000004, sa_flags=0x00000042
SIGHUP: [libjvm.dylib+0x388d25], sa_mask[0]=0xfffefeff, sa_flags=0x00000042
SIGINT: [libjvm.dylib+0x388d25], sa_mask[0]=0xfffefeff, sa_flags=0x00000042
SIGTERM: [libjvm.dylib+0x388d25], sa_mask[0]=0xfffefeff, sa_flags=0x00000042
SIGQUIT: [libjvm.dylib+0x388d25], sa_mask[0]=0xfffefeff, sa_flags=0x00000042


---------------  S Y S T E M  ---------------

OS:Bsd
uname:Darwin 11.3.0 Darwin Kernel Version 11.3.0: Thu Jan 12 18:47:41 PST 2012; root:xnu-1699.24.23~1/RELEASE_X86_64 x86_64
rlimit: STACK 8192k, CORE 0k, NPROC 709, NOFILE 10240
CPU:total 4 (2 cores per cpu, 2 threads per core) family 6 model 42 stepping 7, cmov, cx8, fxsr, mmx, sse, sse2, sse3, ssse3, sse4.1, sse4.2, popcnt, ht

Memory: 4k page, physical 5274456k(1318614k free)

/proc/meminfo:


vm_info: OpenJDK 64-Bit Server VM (21.0-b17) for bsd-amd64 JRE (1.7.0-b222-20111220), built on Dec 20 2011 10:08:31 by "henri" with gcc 4.2.1 (Based on Apple Inc. build 5658) (LLVM build 2335.9)

time: Mon Apr 16 15:17:27 2012
elapsed time: 642 seconds

